[debug] [2023-04-11T16:36:40.837Z] ----------------------------------------------------------------------
[debug] [2023-04-11T16:36:40.838Z] Command:       /usr/bin/node /usr/bin/firebase init
[debug] [2023-04-11T16:36:40.839Z] CLI Version:   11.25.3
[debug] [2023-04-11T16:36:40.839Z] Platform:      linux
[debug] [2023-04-11T16:36:40.839Z] Node Version:  v16.19.1
[debug] [2023-04-11T16:36:40.839Z] Time:          Tue Apr 11 2023 22:06:40 GMT+0530 (India Standard Time)
[debug] [2023-04-11T16:36:40.839Z] ----------------------------------------------------------------------
[debug] 
[debug] [2023-04-11T16:36:40.882Z] > command requires scopes: ["email","openid","https://www.googleapis.com/auth/cloudplatformprojects.readonly","https://www.googleapis.com/auth/firebase","https://www.googleapis.com/auth/cloud-platform"]
[debug] [2023-04-11T16:36:40.882Z] > authorizing via signed-in user (shreypilot28@gmail.com)
[info] 
     ######## #### ########  ######## ########     ###     ######  ########
     ##        ##  ##     ## ##       ##     ##  ##   ##  ##       ##
     ######    ##  ########  ######   ########  #########  ######  ######
     ##        ##  ##    ##  ##       ##     ## ##     ##       ## ##
     ##       #### ##     ## ######## ########  ##     ##  ######  ########

You're about to initialize a Firebase project in this directory:

  /home/shreya28/Documents/React-project/Youtube

Before we get started, keep in mind:

  * You are initializing within an existing Firebase project directory

[info] 
=== Project Setup
[info] 
[info] First, let's associate this project directory with a Firebase project.
[info] You can create multiple project aliases by running firebase use --add, 
[info] but for now we'll just set up a default project.
[info] 
[debug] [2023-04-11T16:36:46.073Z] Using project from CLI flag: not-yout
[debug] [2023-04-11T16:36:46.075Z] >>> [apiv2][query] GET https://firebase.googleapis.com/v1beta1/projects/not-yout [none]
[debug] [2023-04-11T16:36:46.992Z] <<< [apiv2][status] GET https://firebase.googleapis.com/v1beta1/projects/not-yout 200
[debug] [2023-04-11T16:36:46.992Z] <<< [apiv2][body] GET https://firebase.googleapis.com/v1beta1/projects/not-yout {"projectId":"not-yout","projectNumber":"816679726744","displayName":"youtube clone 3","name":"projects/not-yout","resources":{"hostingSite":"not-yout"},"state":"ACTIVE","etag":"1_f73d231c-21b6-4d30-a4af-e29de31617f4"}
[info] i  Using project not-yout (youtube clone 3) 
[info] 
=== Hosting Setup
[info] 
[info] Your public directory is the folder (relative to your project directory) that
[info] will contain Hosting assets to be uploaded with firebase deploy. If you
[info] have a build process for your assets, use your build's output directory.
[info] 
[info] i  Skipping write of Build/404.html 
[debug] [2023-04-11T16:37:13.146Z] >>> [apiv2][query] GET https://www.gstatic.com/firebasejs/releases.json [none]
[debug] [2023-04-11T16:37:13.557Z] <<< [apiv2][status] GET https://www.gstatic.com/firebasejs/releases.json 200
[debug] [2023-04-11T16:37:13.557Z] <<< [apiv2][body] GET https://www.gstatic.com/firebasejs/releases.json {"current":{"version":"9.19.1","browserURL":"https://www.gstatic.com/firebasejs/9.19.1/firebase.js","packageURL":"https://www.gstatic.com/firebasejs/9.19.1/firebase.tgz"},"live":{"version":"9.19","browserURL":"https://www.gstatic.com/firebasejs/live/9.19/firebase.js","packageURL":"https://www.gstatic.com/firebasejs/live/9.19/firebase.tgz"},"components":{"analytics":"https://www.gstatic.com/firebasejs/9.19.1/firebase-analytics.js","app":"https://www.gstatic.com/firebasejs/9.19.1/firebase-app.js","app-check":"https://www.gstatic.com/firebasejs/9.19.1/firebase-app-check.js","auth":"https://www.gstatic.com/firebasejs/9.19.1/firebase-auth.js","auth/cordova":"https://www.gstatic.com/firebasejs/9.19.1/firebase-auth/cordova.js","auth/react-native":"https://www.gstatic.com/firebasejs/9.19.1/firebase-auth/react-native.js","functions":"https://www.gstatic.com/firebasejs/9.19.1/firebase-functions.js","firestore":"https://www.gstatic.com/firebasejs/9.19.1/firebase-firestore.js","firestore/lite":"https://www.gstatic.com/firebasejs/9.19.1/firebase-firestore/lite.js","installations":"https://www.gstatic.com/firebasejs/9.19.1/firebase-installations.js","storage":"https://www.gstatic.com/firebasejs/9.19.1/firebase-storage.js","performance":"https://www.gstatic.com/firebasejs/9.19.1/firebase-performance.js","remote-config":"https://www.gstatic.com/firebasejs/9.19.1/firebase-remote-config.js","messaging":"https://www.gstatic.com/firebasejs/9.19.1/firebase-messaging.js","messaging/sw":"https://www.gstatic.com/firebasejs/9.19.1/firebase-messaging/sw.js","database":"https://www.gstatic.com/firebasejs/9.19.1/firebase-database.js","firestore.memory":"https://www.gstatic.com/firebasejs/9.19.1/firebase-firestore.memory.js"}}
[info] i  Skipping write of Build/index.html 
[info] 
[info] i  Detected a .git folder at /home/shreya28/Documents/React-project/Youtube 
[info] i  Authorizing with GitHub to upload your service account to a GitHub repository's secrets store. 
[info] 
[info] Visit this URL on this device to log in:
[info] https://github.com/login/oauth/authorize?client_id=89cf50f02ac6aaed3484&state=265063347&redirect_uri=http%3A%2F%2Flocalhost%3A9005&scope=read%3Auser%20repo%20public_repo
[info] 
[info] Waiting for authentication...
[debug] [2023-04-11T16:37:21.603Z] >>> [apiv2][query] POST https://github.com/login/oauth/access_token [none]
[debug] [2023-04-11T16:37:21.603Z] >>> [apiv2][body] POST https://github.com/login/oauth/access_token [stream]
[debug] [2023-04-11T16:37:22.827Z] <<< [apiv2][status] POST https://github.com/login/oauth/access_token 200
[debug] [2023-04-11T16:37:22.828Z] <<< [apiv2][body] POST https://github.com/login/oauth/access_token {"access_token":"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","token_type":"bearer","scope":"read:user,repo"}
[debug] [2023-04-11T16:37:22.836Z] >>> [apiv2][query] GET https://api.github.com/user [none]
[debug] [2023-04-11T16:37:23.500Z] <<< [apiv2][status] GET https://api.github.com/user 200
[debug] [2023-04-11T16:37:23.501Z] <<< [apiv2][body] GET https://api.github.com/user {"login":"shreypilot","id":104058567,"node_id":"U_kgDOBjPOxw","avatar_url":"https://avatars.githubusercontent.com/u/104058567?v=4","gravatar_id":"","url":"https://api.github.com/users/shreypilot","html_url":"https://github.com/shreypilot","followers_url":"https://api.github.com/users/shreypilot/followers","following_url":"https://api.github.com/users/shreypilot/following{/other_user}","gists_url":"https://api.github.com/users/shreypilot/gists{/gist_id}","starred_url":"https://api.github.com/users/shreypilot/starred{/owner}{/repo}","subscriptions_url":"https://api.github.com/users/shreypilot/subscriptions","organizations_url":"https://api.github.com/users/shreypilot/orgs","repos_url":"https://api.github.com/users/shreypilot/repos","events_url":"https://api.github.com/users/shreypilot/events{/privacy}","received_events_url":"https://api.github.com/users/shreypilot/received_events","type":"User","site_admin":false,"name":"shreya kumari","company":null,"blog":"","location":"patna,bihaR,INDIA","email":null,"hireable":null,"bio":"Web Developer","twitter_username":"Shreypilot","public_repos":56,"public_gists":2,"followers":3,"following":26,"created_at":"2022-04-20T07:10:34Z","updated_at":"2023-04-11T16:21:09Z","private_gists":0,"total_private_repos":0,"owned_private_repos":0,"disk_usage":52730,"collaborators":0,"two_factor_authentication":false,"plan":{"name":"free","space":976562499,"collaborators":0,"private_repos":10000}}
[info] 
[info] ✔  Success! Logged into GitHub as shreypilot 
[info] 
